2022-01-17 19:13:24.354  INFO 6504 --- [main] com.shakkib.mbs.MbsApplication           : Starting MbsApplication using Java 17.0.1 on marx-is-waiting with PID 6504 (/home/spring_boy/bms/sb_mbs-controllers (2)/target/classes started by spring_boy in /home/spring_boy/bms/sb_mbs-controllers (2))
2022-01-17 19:13:24.369  INFO 6504 --- [main] com.shakkib.mbs.MbsApplication           : No active profile set, falling back to default profiles: default
2022-01-17 19:13:28.655  INFO 6504 --- [main] .s.d.r.c.RepositoryConfigurationDelegate : Bootstrapping Spring Data JPA repositories in DEFAULT mode.
2022-01-17 19:13:28.992  INFO 6504 --- [main] .s.d.r.c.RepositoryConfigurationDelegate : Finished Spring Data repository scanning in 293 ms. Found 9 JPA repository interfaces.
2022-01-17 19:13:31.729  INFO 6504 --- [main] o.s.b.w.embedded.tomcat.TomcatWebServer  : Tomcat initialized with port(s): 7777 (http)
2022-01-17 19:13:31.785  INFO 6504 --- [main] o.apache.catalina.core.StandardService   : Starting service [Tomcat]
2022-01-17 19:13:31.786  INFO 6504 --- [main] org.apache.catalina.core.StandardEngine  : Starting Servlet engine: [Apache Tomcat/9.0.48]
2022-01-17 19:13:32.175  INFO 6504 --- [main] o.a.c.c.C.[.[localhost].[/mbs/v1]        : Initializing Spring embedded WebApplicationContext
2022-01-17 19:13:32.176  INFO 6504 --- [main] w.s.c.ServletWebServerApplicationContext : Root WebApplicationContext: initialization completed in 7512 ms
2022-01-17 19:13:32.221  INFO 6504 --- [main] com.zaxxer.hikari.HikariDataSource       : HikariPool-1 - Starting...
2022-01-17 19:13:33.634  INFO 6504 --- [main] com.zaxxer.hikari.HikariDataSource       : HikariPool-1 - Start completed.
2022-01-17 19:13:33.642  INFO 6504 --- [main] o.s.b.a.h2.H2ConsoleAutoConfiguration    : H2 console available at '/h2-console'. Database available at 'jdbc:h2:mem:mbdb'
2022-01-17 19:13:34.575  INFO 6504 --- [main] o.hibernate.jpa.internal.util.LogHelper  : HHH000204: Processing PersistenceUnitInfo [name: default]
2022-01-17 19:13:35.259  INFO 6504 --- [main] org.hibernate.Version                    : HHH000412: Hibernate ORM core version 5.4.32.Final
2022-01-17 19:13:36.309  INFO 6504 --- [main] o.hibernate.annotations.common.Version   : HCANN000001: Hibernate Commons Annotations {5.1.2.Final}
2022-01-17 19:13:36.880  INFO 6504 --- [main] org.hibernate.dialect.Dialect            : HHH000400: Using dialect: org.hibernate.dialect.H2Dialect
2022-01-17 19:13:38.550  INFO 6504 --- [main] o.h.e.t.j.p.i.JtaPlatformInitiator       : HHH000490: Using JtaPlatform implementation: [org.hibernate.engine.transaction.jta.platform.internal.NoJtaPlatform]
2022-01-17 19:13:38.558  INFO 6504 --- [main] j.LocalContainerEntityManagerFactoryBean : Initialized JPA EntityManagerFactory for persistence unit 'default'
2022-01-17 19:13:39.504  WARN 6504 --- [main] JpaBaseConfiguration$JpaWebConfiguration : spring.jpa.open-in-view is enabled by default. Therefore, database queries may be performed during view rendering. Explicitly configure spring.jpa.open-in-view to disable this warning
2022-01-17 19:13:40.538  INFO 6504 --- [main] o.s.b.w.embedded.tomcat.TomcatWebServer  : Tomcat started on port(s): 7777 (http) with context path '/mbs/v1'
2022-01-17 19:13:40.556  INFO 6504 --- [main] com.shakkib.mbs.MbsApplication           : Started MbsApplication in 19.358 seconds (JVM running for 24.304)
2022-01-17 19:13:40.637  INFO 6504 --- [main] c.s.mbs.services.impl.MovieServiceImpl   : acceptMovieDetails method is triggered
2022-01-17 19:13:40.646  INFO 6504 --- [main] c.s.mbs.services.impl.MovieServiceImpl   : acceptMovieDetails method is triggered
